<?xml version="1.0" encoding="UTF-8"?>
<testng-results ignored="0" total="4" passed="3" failed="1" skipped="0">
  <reporter-output>
  </reporter-output>
  <suite started-at="2022-09-10T23:48:44 IST" name="Suite" finished-at="2022-09-10T23:51:03 IST" duration-ms="138654">
    <groups>
    </groups>
    <test started-at="2022-09-10T23:48:44 IST" name="Test" finished-at="2022-09-10T23:51:03 IST" duration-ms="138654">
      <class name="com.qa.testLayer.FindPatientRecordTest">
        <test-method is-config="true" signature="setUp(java.lang.String)[pri:0, instance:com.qa.testLayer.FindPatientRecordTest@67d48005]" started-at="2022-09-10T23:50:30 IST" name="setUp" finished-at="2022-09-10T23:50:40 IST" duration-ms="10645" status="PASS">
          <params>
            <param index="0">
              <value>
                <![CDATA[chrome]]>
              </value>
            </param>
          </params>
          <reporter-output>
          </reporter-output>
        </test-method> <!-- setUp -->
        <test-method signature="findPatientRecord()[pri:0, instance:com.qa.testLayer.FindPatientRecordTest@67d48005]" started-at="2022-09-10T23:50:40 IST" name="findPatientRecord" finished-at="2022-09-10T23:51:03 IST" duration-ms="22451" status="FAIL">
          <exception class="org.openqa.selenium.NoSuchElementException">
            <message>
              <![CDATA[Unable to find element with locator By.xpath: //input[@id='patient-search']
For documentation on this error, please visit: https://selenium.dev/exceptions/#no_such_element
Build info: version: '4.4.0', revision: 'e5c75ed026a'
System info: host: 'DESKTOP-1E603NF', ip: '192.168.1.11', os.name: 'Windows 10', os.arch: 'amd64', os.version: '10.0', java.version: '18.0.1.1'
Driver info: driver.version: RemoteWebDriver]]>
            </message>
            <full-stacktrace>
              <![CDATA[org.openqa.selenium.NoSuchElementException: Unable to find element with locator By.xpath: //input[@id='patient-search']
For documentation on this error, please visit: https://selenium.dev/exceptions/#no_such_element
Build info: version: '4.4.0', revision: 'e5c75ed026a'
System info: host: 'DESKTOP-1E603NF', ip: '192.168.1.11', os.name: 'Windows 10', os.arch: 'amd64', os.version: '10.0', java.version: '18.0.1.1'
Driver info: driver.version: RemoteWebDriver
at org.openqa.selenium.remote.ElementLocation$ElementFinder$2.findElement(ElementLocation.java:165)
at org.openqa.selenium.remote.ElementLocation.findElement(ElementLocation.java:60)
at org.openqa.selenium.remote.RemoteWebDriver.findElement(RemoteWebDriver.java:365)
at org.openqa.selenium.remote.RemoteWebDriver.findElement(RemoteWebDriver.java:357)
at org.openqa.selenium.support.pagefactory.DefaultElementLocator.findElement(DefaultElementLocator.java:70)
at org.openqa.selenium.support.pagefactory.internal.LocatingElementHandler.invoke(LocatingElementHandler.java:39)
at jdk.proxy2/jdk.proxy2.$Proxy17.sendKeys(Unknown Source)
at com.qa.pageLayer.FindPatientRecordPage.searchById(FindPatientRecordPage.java:22)
at com.qa.testLayer.FindPatientRecordTest.findPatientRecord(FindPatientRecordTest.java:19)
at java.base/jdk.internal.reflect.DirectMethodHandleAccessor.invoke(DirectMethodHandleAccessor.java:104)
at java.base/java.lang.reflect.Method.invoke(Method.java:577)
at org.testng.internal.MethodInvocationHelper.invokeMethod(MethodInvocationHelper.java:133)
at org.testng.internal.TestInvoker.invokeMethod(TestInvoker.java:598)
at org.testng.internal.TestInvoker.invokeTestMethod(TestInvoker.java:173)
at org.testng.internal.MethodRunner.runInSequence(MethodRunner.java:46)
at org.testng.internal.TestInvoker$MethodInvocationAgent.invoke(TestInvoker.java:824)
at org.testng.internal.TestInvoker.invokeTestMethods(TestInvoker.java:146)
at org.testng.internal.TestMethodWorker.invokeTestMethods(TestMethodWorker.java:146)
at org.testng.internal.TestMethodWorker.run(TestMethodWorker.java:128)
at java.base/java.util.ArrayList.forEach(ArrayList.java:1511)
at org.testng.TestRunner.privateRun(TestRunner.java:794)
at org.testng.TestRunner.run(TestRunner.java:596)
at org.testng.SuiteRunner.runTest(SuiteRunner.java:377)
at org.testng.SuiteRunner.runSequentially(SuiteRunner.java:371)
at org.testng.SuiteRunner.privateRun(SuiteRunner.java:332)
at org.testng.SuiteRunner.run(SuiteRunner.java:276)
at org.testng.SuiteRunnerWorker.runSuite(SuiteRunnerWorker.java:53)
at org.testng.SuiteRunnerWorker.run(SuiteRunnerWorker.java:96)
at org.testng.TestNG.runSuitesSequentially(TestNG.java:1212)
at org.testng.TestNG.runSuitesLocally(TestNG.java:1134)
at org.testng.TestNG.runSuites(TestNG.java:1063)
at org.testng.TestNG.run(TestNG.java:1031)
at org.testng.remote.AbstractRemoteTestNG.run(AbstractRemoteTestNG.java:115)
at org.testng.remote.RemoteTestNG.initAndRun(RemoteTestNG.java:251)
at org.testng.remote.RemoteTestNG.main(RemoteTestNG.java:77)
]]>
            </full-stacktrace>
          </exception> <!-- org.openqa.selenium.NoSuchElementException -->
          <reporter-output>
          </reporter-output>
        </test-method> <!-- findPatientRecord -->
        <test-method is-config="true" signature="tearOut()[pri:0, instance:com.qa.testLayer.FindPatientRecordTest@67d48005]" started-at="2022-09-10T23:51:03 IST" name="tearOut" finished-at="2022-09-10T23:51:03 IST" duration-ms="150" status="PASS">
          <reporter-output>
          </reporter-output>
        </test-method> <!-- tearOut -->
      </class> <!-- com.qa.testLayer.FindPatientRecordTest -->
      <class name="com.qa.testLayer.RegisterAPatient">
        <test-method is-config="true" signature="setUp(java.lang.String)[pri:0, instance:com.qa.testLayer.RegisterAPatient@294425a7]" started-at="2022-09-10T23:49:40 IST" name="setUp" finished-at="2022-09-10T23:49:52 IST" duration-ms="12088" status="PASS">
          <params>
            <param index="0">
              <value>
                <![CDATA[chrome]]>
              </value>
            </param>
          </params>
          <reporter-output>
          </reporter-output>
        </test-method> <!-- setUp -->
        <test-method signature="registerAPatient()[pri:0, instance:com.qa.testLayer.RegisterAPatient@294425a7]" started-at="2022-09-10T23:49:52 IST" name="registerAPatient" finished-at="2022-09-10T23:50:29 IST" duration-ms="37065" status="PASS">
          <reporter-output>
          </reporter-output>
        </test-method> <!-- registerAPatient -->
        <test-method is-config="true" signature="tearOut()[pri:0, instance:com.qa.testLayer.RegisterAPatient@294425a7]" started-at="2022-09-10T23:50:29 IST" name="tearOut" finished-at="2022-09-10T23:50:30 IST" duration-ms="943" status="PASS">
          <reporter-output>
          </reporter-output>
        </test-method> <!-- tearOut -->
      </class> <!-- com.qa.testLayer.RegisterAPatient -->
      <class name="com.qa.testLayer.LogInTest">
        <test-method is-config="true" signature="setUp(java.lang.String)[pri:0, instance:com.qa.testLayer.LogInTest@123ef382]" started-at="2022-09-10T23:48:44 IST" name="setUp" finished-at="2022-09-10T23:49:10 IST" duration-ms="26182" status="PASS">
          <params>
            <param index="0">
              <value>
                <![CDATA[chrome]]>
              </value>
            </param>
          </params>
          <reporter-output>
          </reporter-output>
        </test-method> <!-- setUp -->
        <test-method signature="logIn()[pri:0, instance:com.qa.testLayer.LogInTest@123ef382]" started-at="2022-09-10T23:49:11 IST" name="logIn" finished-at="2022-09-10T23:49:17 IST" duration-ms="6863" status="PASS">
          <reporter-output>
          </reporter-output>
        </test-method> <!-- logIn -->
        <test-method is-config="true" signature="tearOut()[pri:0, instance:com.qa.testLayer.LogInTest@123ef382]" started-at="2022-09-10T23:49:18 IST" name="tearOut" finished-at="2022-09-10T23:49:19 IST" duration-ms="1649" status="PASS">
          <reporter-output>
          </reporter-output>
        </test-method> <!-- tearOut -->
      </class> <!-- com.qa.testLayer.LogInTest -->
      <class name="com.qa.testLayer.LogOutTest">
        <test-method is-config="true" signature="setUp(java.lang.String)[pri:0, instance:com.qa.testLayer.LogOutTest@6379eb]" started-at="2022-09-10T23:49:19 IST" name="setUp" finished-at="2022-09-10T23:49:35 IST" duration-ms="15415" status="PASS">
          <params>
            <param index="0">
              <value>
                <![CDATA[chrome]]>
              </value>
            </param>
          </params>
          <reporter-output>
          </reporter-output>
        </test-method> <!-- setUp -->
        <test-method signature="logOut()[pri:0, instance:com.qa.testLayer.LogOutTest@6379eb]" started-at="2022-09-10T23:49:35 IST" name="logOut" finished-at="2022-09-10T23:49:39 IST" duration-ms="4516" status="PASS">
          <reporter-output>
          </reporter-output>
        </test-method> <!-- logOut -->
        <test-method is-config="true" signature="tearOut()[pri:0, instance:com.qa.testLayer.LogOutTest@6379eb]" started-at="2022-09-10T23:49:39 IST" name="tearOut" finished-at="2022-09-10T23:49:40 IST" duration-ms="408" status="PASS">
          <reporter-output>
          </reporter-output>
        </test-method> <!-- tearOut -->
      </class> <!-- com.qa.testLayer.LogOutTest -->
    </test> <!-- Test -->
  </suite> <!-- Suite -->
</testng-results>
